<?xml version="1.0" encoding="UTF-8"?>
<!-- Generated by org.testng.reporters.JUnitReportReporter -->
<testsuite skipped="0" hostname="LokeshBS" name="com.openmrs.RealTimeScenarios" tests="1" failures="0" timestamp="2020-08-01T21:58:53 IST" time="17.756" errors="0">
  <testcase name="TC_01" time="17.756" classname="com.openmrs.RealTimeScenarios"/>
  <system-out/>
</testsuite> <!-- com.openmrs.RealTimeScenarios -->
