<?xml version="1.0" encoding="UTF-8"?>
<!-- Generated by org.testng.reporters.JUnitReportReporter -->
<testsuite skipped="0" hostname="LokeshBS" name="com.openmrs.DeleteService" tests="1" failures="0" timestamp="2020-08-02T10:22:49 IST" time="15.596" errors="0">
  <testcase name="TC_01" time="15.596" classname="com.openmrs.DeleteService"/>
  <system-out/>
</testsuite> <!-- com.openmrs.DeleteService -->
