<?xml version="1.0" encoding="UTF-8"?>
<!-- Generated by org.testng.reporters.JUnitReportReporter -->
<testsuite skipped="0" hostname="LokeshBS" name="com.generalLearning.MultipleTabs" tests="1" failures="0" timestamp="2020-08-02T14:02:55 IST" time="19.278" errors="0">
  <testcase name="MultipleTabs" time="19.278" classname="com.generalLearning.MultipleTabs"/>
  <system-out/>
</testsuite> <!-- com.generalLearning.MultipleTabs -->
