<?xml version="1.0" encoding="UTF-8"?>
<!-- Generated by org.testng.reporters.JUnitReportReporter -->
<testsuite skipped="0" hostname="LokeshBS" name="com.flipkart.tests.TC_scenario_01" tests="1" failures="0" timestamp="2020-08-01T18:02:37 IST" time="14.238" errors="0">
  <testcase name="scenario01" time="14.238" classname="com.flipkart.tests.TC_scenario_01"/>
  <system-out/>
</testsuite> <!-- com.flipkart.tests.TC_scenario_01 -->
